<?xml version="1.0" encoding="UTF-8"?>
<!-- Generated by org.testng.reporters.JUnitReportReporter -->
<testsuite hostname="LAPTOP-RT8ROG2F" failures="0" tests="2" name="testcases.Logintest" time="5.390" errors="0" timestamp="27 Apr 2023 16:11:01 GMT" skipped="0">
  <testcase classname="testcases.Logintest" name="InvalidLogin" time="2.603"/>
  <testcase classname="testcases.Logintest" name="ValidLogin" time="2.787"/>
</testsuite> <!-- testcases.Logintest -->
