<?xml version="1.0" encoding="UTF-8"?>
<!-- Generated by org.testng.reporters.JUnitReportReporter -->
<testsuite skipped="0" hostname="LAPTOP-RT8ROG2F" name="testcases.Logintest" tests="2" failures="0" timestamp="30 Apr 2023 04:16:10 GMT" time="8.440" errors="0">
  <testcase name="ValidLogin" time="4.515" classname="testcases.Logintest"/>
  <testcase name="InvalidLogin" time="3.925" classname="testcases.Logintest"/>
</testsuite> <!-- testcases.Logintest -->
